TN:s21_tests
SF:/home/tim/school-21/3DViewer_v1.0/src/backend/operations/s21_arithmetic.c
FN:5,move_operation
FNDA:4,move_operation
FN:14,zoom_operation
FNDA:2,zoom_operation
FN:23,rotate_operation
FNDA:0,rotate_operation
DA:5,4
DA:7,36
DA:8,32
DA:9,32
DA:10,32
DA:12,4
DA:14,2
DA:16,18
DA:17,16
DA:18,16
DA:19,16
DA:21,2
DA:23,0
DA:26,0
DA:27,0
DA:28,0
DA:31,0
DA:32,0
DA:33,0
DA:36,0
DA:38,0
DA:41,0
DA:42,0
DA:46,0
DA:47,0
DA:48,0
DA:49,0
DA:52,0
DA:53,0
DA:54,0
DA:56,0
DA:57,0
DA:58,0
DA:60,0
DA:61,0
DA:62,0
DA:64,0
DA:65,0
DA:66,0
DA:68,0
DA:69,0
DA:70,0
DA:73,0
DA:74,0
DA:75,0
DA:77,0
end_of_record
TN:s21_tests
SF:/home/tim/school-21/3DViewer_v1.0/src/backend/parser/s21_parser.c
FN:7,parse_obj
FNDA:12,parse_obj
FN:94,model_destructor
FNDA:12,model_destructor
DA:7,12
DA:9,12
DA:10,12
DA:12,12
DA:14,12
DA:15,0
DA:16,0
DA:19,12
DA:20,12
DA:21,0
DA:22,0
DA:25,12
DA:26,12
DA:29,216
DA:31,204
DA:32,204
DA:33,204
DA:35,96
DA:37,384
DA:38,288
DA:39,288
DA:40,288
DA:41,288
DA:42,288
DA:44,108
DA:48,36
DA:52,348
DA:54,312
DA:58,312
DA:59,312
DA:60,312
DA:61,312
DA:65,312
DA:87,12
DA:89,12
DA:91,12
DA:94,12
DA:95,12
DA:96,12
DA:97,12
DA:100,12
DA:101,12
DA:105,12
end_of_record
TN:s21_tests
SF:/home/tim/school-21/3DViewer_v1.0/src/s21_tests.c
FN:13,test_1_fn
FNDA:1,test_1_fn
FN:60,test_2_fn
FNDA:1,test_2_fn
FN:84,test_3_fn
FNDA:1,test_3_fn
FN:108,test_4_fn
FNDA:1,test_4_fn
FN:132,test_5_fn
FNDA:1,test_5_fn
FN:156,test_6_fn
FNDA:1,test_6_fn
FN:179,test_3dv
FNDA:1,test_3dv
FN:195,main
FNDA:1,main
DA:13,1
DA:14,1
DA:15,1
DA:16,1
DA:17,1
DA:18,1
DA:19,1
DA:20,1
DA:22,1
DA:26,1
DA:43,9
DA:44,8
DA:51,8
DA:54,1
DA:55,1
DA:56,1
DA:60,1
DA:61,1
DA:62,1
DA:63,1
DA:64,1
DA:65,1
DA:67,1
DA:71,1
DA:73,9
DA:74,8
DA:75,8
DA:78,1
DA:79,1
DA:80,1
DA:84,1
DA:85,1
DA:86,1
DA:87,1
DA:88,1
DA:89,1
DA:91,1
DA:95,1
DA:97,9
DA:98,8
DA:99,8
DA:102,1
DA:103,1
DA:104,1
DA:108,1
DA:109,1
DA:110,1
DA:111,1
DA:112,1
DA:113,1
DA:115,1
DA:119,1
DA:121,9
DA:122,8
DA:123,8
DA:126,1
DA:127,1
DA:128,1
DA:132,1
DA:133,1
DA:134,1
DA:135,1
DA:136,1
DA:137,1
DA:139,1
DA:143,1
DA:145,9
DA:146,8
DA:147,8
DA:150,1
DA:151,1
DA:152,1
DA:156,1
DA:157,1
DA:158,1
DA:159,1
DA:160,1
DA:161,1
DA:163,1
DA:167,1
DA:169,9
DA:170,8
DA:171,8
DA:174,1
DA:175,1
DA:176,1
DA:179,1
DA:180,1
DA:181,1
DA:183,1
DA:184,1
DA:185,1
DA:186,1
DA:187,1
DA:188,1
DA:189,1
DA:191,1
DA:192,1
DA:195,1
DA:196,1
DA:197,1
DA:199,2
DA:200,1
DA:202,1
DA:203,1
DA:205,1
DA:206,1
DA:208,1
DA:210,1
end_of_record
